c:\users\pc\desktop\fire\fire\lib\entitycomponentsystem.pdb
c:\users\pc\desktop\fire\fire\lib\entitycomponentsystem.idb
c:\users\pc\desktop\fire\fire\entitycomponentsystem\x64\debug\world.obj
c:\users\pc\desktop\fire\fire\entitycomponentsystem\x64\debug\isubscriber.obj
c:\users\pc\desktop\fire\fire\entitycomponentsystem\x64\debug\ientitysystem.obj
c:\users\pc\desktop\fire\fire\entitycomponentsystem\x64\debug\icomponentcontainer.obj
c:\users\pc\desktop\fire\fire\entitycomponentsystem\x64\debug\eventsubscriber.obj
c:\users\pc\desktop\fire\fire\entitycomponentsystem\x64\debug\event.obj
c:\users\pc\desktop\fire\fire\entitycomponentsystem\x64\debug\entityview.obj
c:\users\pc\desktop\fire\fire\entitycomponentsystem\x64\debug\entityiterator.obj
c:\users\pc\desktop\fire\fire\entitycomponentsystem\x64\debug\entitycomponentview.obj
c:\users\pc\desktop\fire\fire\entitycomponentsystem\x64\debug\entitycomponentiterator.obj
c:\users\pc\desktop\fire\fire\entitycomponentsystem\x64\debug\entity.obj
c:\users\pc\desktop\fire\fire\entitycomponentsystem\x64\debug\componenthandle.obj
c:\users\pc\desktop\fire\fire\entitycomponentsystem\x64\debug\stringconverter.obj
c:\users\pc\desktop\fire\fire\lib\entitycomponentsystem.lib
c:\users\pc\desktop\fire\fire\entitycomponentsystem\x64\debug\entityco.bcdfd2a2.tlog\cl.command.1.tlog
c:\users\pc\desktop\fire\fire\entitycomponentsystem\x64\debug\entityco.bcdfd2a2.tlog\cl.items.tlog
c:\users\pc\desktop\fire\fire\entitycomponentsystem\x64\debug\entityco.bcdfd2a2.tlog\cl.read.1.tlog
c:\users\pc\desktop\fire\fire\entitycomponentsystem\x64\debug\entityco.bcdfd2a2.tlog\cl.write.1.tlog
c:\users\pc\desktop\fire\fire\entitycomponentsystem\x64\debug\entityco.bcdfd2a2.tlog\lib-link.read.1.tlog
c:\users\pc\desktop\fire\fire\entitycomponentsystem\x64\debug\entityco.bcdfd2a2.tlog\lib-link.write.1.tlog
c:\users\pc\desktop\fire\fire\entitycomponentsystem\x64\debug\entityco.bcdfd2a2.tlog\lib.command.1.tlog
